[01:02:07.721] === ENSAMBLANDO ASM ===
[01:02:07.722]   > nasm -f bin C:\Users\Omar\Documents\Documentos WEb\Portix\portix\boot\boot.asm -o C:\Users\Omar\Documents\Documentos WEb\Portix\portix\build\boot.bin
[01:02:07.736] [OK]    boot.bin   — 512 bytes
[01:02:07.736]   > nasm -f bin -w-implicit-abs-deprecated C:\Users\Omar\Documents\Documentos WEb\Portix\portix\boot\stage2.asm -o C:\Users\Omar\Documents\Documentos WEb\Portix\portix\build\stage2.bin
[01:02:07.756] [OK]    stage2.bin — 32768 bytes
[01:02:07.756]   > nasm -f elf64 C:\Users\Omar\Documents\Documentos WEb\Portix\portix\kernel\src\isr.asm -o C:\Users\Omar\Documents\Documentos WEb\Portix\portix\build\isr.o
[01:02:07.769] [OK]    isr.o      — 2848 bytes
[01:02:07.769] === COMPILANDO KERNEL RUST ===
[01:02:07.770] [OK]    x86_64-portix.json ya existe
[01:02:07.770]   > cargo +nightly build --release -Z build-std=core -Z json-target-spec --target C:\Users\Omar\Documents\Documentos WEb\Portix\portix\kernel\x86_64-portix.json
[01:02:07.941]   > objcopy -I elf64-x86-64 -O binary --strip-all C:\Users\Omar\Documents\Documentos WEb\Portix\portix\kernel\target\x86_64-portix\release\kernel C:\Users\Omar\Documents\Documentos WEb\Portix\portix\build\kernel.bin
[01:02:07.964] [OK]    kernel.bin — 115008 bytes (225/256 sectores)
[01:02:07.965] === CREANDO IMAGEN DE DISCO (4MB) ===
[01:02:07.995] [OK]    portix.img — 4194304 bytes
[01:02:07.996]         Boot:   LBA 0       (512 bytes)
[01:02:07.996]         Stage2: LBA 1-64    (32768 bytes)
[01:02:07.997]         Kernel: LBA 65+     (115008 bytes)
[01:02:07.997] === CREANDO ISO BOOTEABLE (pycdlib) ===
[01:02:08.037] [OK]    Añadido portix.img como /PORTIX.BIN;1 / /portix.img
[01:02:08.431] [WARN] isohybrid falló (no crítico): Invalid signature on boot file for iso hybrid
[01:02:08.436] [OK]    portix.iso — 4259840 bytes
[01:02:08.437] === EJECUTANDO QEMU ===
[01:02:08.437]   Debug log → C:\Users\Omar\Documents\Documentos WEb\Portix\portix\build\logs\debug.log
